<?xml version="1.0" encoding="UTF-8"?>
<coverage generated="1533774516670" clover="3.2.0">
  <project timestamp="1533774516670" name="All files">
    <metrics statements="54" coveredstatements="33" conditionals="33" coveredconditionals="5" methods="30" coveredmethods="15" elements="117" coveredelements="53" complexity="0" loc="54" ncloc="54" packages="1" files="6" classes="6">
      <file name="App.js" path="/mnt/e/Projetos/learn/udacity/live-codings-react-nanodegree/react-fundamentals/2-iniciando-com-testes-em-react-starter/starter/src/App.js">
        <metrics statements="26" coveredstatements="26" conditionals="6" coveredconditionals="3" methods="10" coveredmethods="10"/>
        <line num="8" count="4" type="stmt"/>
        <line num="9" count="4" type="stmt"/>
        <line num="12" count="4" type="stmt"/>
        <line num="13" count="4" type="stmt"/>
        <line num="17" count="4" type="cond" truecount="2" falsecount="0"/>
        <line num="18" count="4" type="stmt"/>
        <line num="22" count="2" type="stmt"/>
        <line num="26" count="1" type="stmt"/>
        <line num="27" count="1" type="stmt"/>
        <line num="28" count="1" type="stmt"/>
        <line num="29" count="1" type="cond" truecount="0" falsecount="1"/>
        <line num="30" count="1" type="stmt"/>
        <line num="35" count="1" type="stmt"/>
        <line num="36" count="1" type="stmt"/>
        <line num="37" count="1" type="stmt"/>
        <line num="42" count="1" type="stmt"/>
        <line num="43" count="1" type="cond" truecount="0" falsecount="1"/>
        <line num="44" count="1" type="stmt"/>
        <line num="45" count="1" type="cond" truecount="1" falsecount="1"/>
        <line num="46" count="1" type="stmt"/>
        <line num="47" count="1" type="stmt"/>
        <line num="48" count="1" type="stmt"/>
        <line num="53" count="7" type="stmt"/>
        <line num="54" count="7" type="stmt"/>
        <line num="59" count="7" type="stmt"/>
        <line num="68" count="14" type="stmt"/>
      </file>
      <file name="ColumnList.js" path="/mnt/e/Projetos/learn/udacity/live-codings-react-nanodegree/react-fundamentals/2-iniciando-com-testes-em-react-starter/starter/src/ColumnList.js">
        <metrics statements="5" coveredstatements="5" conditionals="0" coveredconditionals="0" methods="4" coveredmethods="4"/>
        <line num="5" count="2" type="stmt"/>
        <line num="6" count="17" type="stmt"/>
        <line num="8" count="17" type="stmt"/>
        <line num="21" count="11" type="stmt"/>
        <line num="24" count="2" type="stmt"/>
      </file>
      <file name="If.js" path="/mnt/e/Projetos/learn/udacity/live-codings-react-nanodegree/react-fundamentals/2-iniciando-com-testes-em-react-starter/starter/src/If.js">
        <metrics statements="1" coveredstatements="1" conditionals="2" coveredconditionals="2" methods="1" coveredmethods="1"/>
        <line num="1" count="16" type="cond" truecount="2" falsecount="0"/>
      </file>
      <file name="index.js" path="/mnt/e/Projetos/learn/udacity/live-codings-react-nanodegree/react-fundamentals/2-iniciando-com-testes-em-react-starter/starter/src/index.js">
        <metrics statements="7" coveredstatements="0" conditionals="4" coveredconditionals="0" methods="1" coveredmethods="0"/>
        <line num="1" count="0" type="stmt"/>
        <line num="2" count="0" type="stmt"/>
        <line num="3" count="0" type="stmt"/>
        <line num="4" count="0" type="stmt"/>
        <line num="5" count="0" type="cond" truecount="0" falsecount="4"/>
        <line num="7" count="0" type="stmt"/>
        <line num="8" count="0" type="stmt"/>
      </file>
      <file name="registerServiceWorker.js" path="/mnt/e/Projetos/learn/udacity/live-codings-react-nanodegree/react-fundamentals/2-iniciando-com-testes-em-react-starter/starter/src/registerServiceWorker.js">
        <metrics statements="14" coveredstatements="0" conditionals="21" coveredconditionals="0" methods="14" coveredmethods="0"/>
        <line num="1" count="0" type="stmt"/>
        <line num="21" count="0" type="stmt"/>
        <line num="109" count="0" type="cond" truecount="0" falsecount="3"/>
        <line num="111" count="0" type="cond" truecount="0" falsecount="4"/>
        <line num="112" count="0" type="cond" truecount="0" falsecount="2"/>
        <line num="115" count="0" type="cond" truecount="0" falsecount="2"/>
        <line num="116" count="0" type="stmt"/>
        <line num="117" count="0" type="cond" truecount="0" falsecount="4"/>
        <line num="121" count="0" type="stmt"/>
        <line num="124" count="0" type="stmt"/>
        <line num="125" count="0" type="stmt"/>
        <line num="126" count="0" type="cond" truecount="0" falsecount="4"/>
        <line num="127" count="0" type="stmt"/>
        <line num="128" count="0" type="cond" truecount="0" falsecount="2"/>
      </file>
      <file name="setupTests.js" path="/mnt/e/Projetos/learn/udacity/live-codings-react-nanodegree/react-fundamentals/2-iniciando-com-testes-em-react-starter/starter/src/setupTests.js">
        <metrics statements="1" coveredstatements="1" conditionals="0" coveredconditionals="0" methods="0" coveredmethods="0"/>
        <line num="4" count="3" type="stmt"/>
      </file>
    </metrics>
  </project>
</coverage>
