TN:
SF:/mnt/e/Projetos/learn/udacity/live-codings-react-nanodegree/react-fundamentals/2-iniciando-com-testes-em-react-starter/starter/src/App.js
FN:7,(anonymous_0)
FN:16,(anonymous_1)
FN:21,(anonymous_2)
FN:25,(anonymous_3)
FN:28,(anonymous_4)
FN:41,(anonymous_5)
FN:42,(anonymous_6)
FN:44,(anonymous_7)
FN:52,(anonymous_8)
FN:67,(anonymous_9)
FNF:10
FNH:10
FNDA:4,(anonymous_0)
FNDA:4,(anonymous_1)
FNDA:2,(anonymous_2)
FNDA:1,(anonymous_3)
FNDA:1,(anonymous_4)
FNDA:1,(anonymous_5)
FNDA:1,(anonymous_6)
FNDA:1,(anonymous_7)
FNDA:7,(anonymous_8)
FNDA:14,(anonymous_9)
DA:8,4
DA:9,4
DA:12,4
DA:13,4
DA:17,4
DA:18,4
DA:22,2
DA:26,1
DA:27,1
DA:28,1
DA:29,1
DA:30,1
DA:35,1
DA:36,1
DA:37,1
DA:42,1
DA:43,1
DA:44,1
DA:45,1
DA:46,1
DA:47,1
DA:48,1
DA:53,7
DA:54,7
DA:59,7
DA:68,14
LF:26
LH:26
BRDA:17,0,0,4
BRDA:17,0,1,4
BRDA:29,1,0,0
BRDA:43,2,0,0
BRDA:45,3,0,1
BRDA:45,3,1,0
BRF:6
BRH:3
end_of_record
TN:
SF:/mnt/e/Projetos/learn/udacity/live-codings-react-nanodegree/react-fundamentals/2-iniciando-com-testes-em-react-starter/starter/src/ColumnList.js
FN:5,(anonymous_0)
FN:6,(anonymous_1)
FN:20,(anonymous_2)
FN:24,(anonymous_3)
FNF:4
FNH:4
FNDA:17,(anonymous_0)
FNDA:16,(anonymous_1)
FNDA:11,(anonymous_2)
FNDA:2,(anonymous_3)
DA:5,2
DA:6,17
DA:8,17
DA:21,11
DA:24,2
LF:5
LH:5
BRF:0
BRH:0
end_of_record
TN:
SF:/mnt/e/Projetos/learn/udacity/live-codings-react-nanodegree/react-fundamentals/2-iniciando-com-testes-em-react-starter/starter/src/If.js
FN:1,(anonymous_0)
FNF:1
FNH:1
FNDA:16,(anonymous_0)
DA:1,16
LF:1
LH:1
BRDA:1,0,0,9
BRDA:1,0,1,7
BRF:2
BRH:2
end_of_record
TN:
SF:/mnt/e/Projetos/learn/udacity/live-codings-react-nanodegree/react-fundamentals/2-iniciando-com-testes-em-react-starter/starter/src/index.js
FN:5,_interopRequireDefault
FNF:1
FNH:0
FNDA:0,_interopRequireDefault
DA:1,0
DA:2,0
DA:3,0
DA:4,0
DA:5,0
DA:7,0
DA:8,0
LF:7
LH:0
BRDA:5,0,0,0
BRDA:5,0,1,0
BRDA:5,1,0,0
BRDA:5,1,1,0
BRF:4
BRH:0
end_of_record
TN:
SF:/mnt/e/Projetos/learn/udacity/live-codings-react-nanodegree/react-fundamentals/2-iniciando-com-testes-em-react-starter/starter/src/registerServiceWorker.js
FN:111,register
FN:115,(anonymous_1)
FN:117,registerValidSW
FN:117,(anonymous_3)
FN:117,(anonymous_4)
FN:117,(anonymous_5)
FN:124,(anonymous_6)
FN:124,checkValidServiceWorker
FN:125,(anonymous_8)
FN:127,(anonymous_9)
FN:127,(anonymous_10)
FN:128,(anonymous_11)
FN:128,unregister
FN:128,(anonymous_13)
FNF:14
FNH:0
FNDA:0,register
FNDA:0,(anonymous_1)
FNDA:0,registerValidSW
FNDA:0,(anonymous_3)
FNDA:0,(anonymous_4)
FNDA:0,(anonymous_5)
FNDA:0,(anonymous_6)
FNDA:0,checkValidServiceWorker
FNDA:0,(anonymous_8)
FNDA:0,(anonymous_9)
FNDA:0,(anonymous_10)
FNDA:0,(anonymous_11)
FNDA:0,unregister
FNDA:0,(anonymous_13)
DA:1,0
DA:21,0
DA:109,0
DA:111,0
DA:112,0
DA:115,0
DA:116,0
DA:117,0
DA:121,0
DA:124,0
DA:125,0
DA:126,0
DA:127,0
DA:128,0
LF:14
LH:0
BRDA:109,0,0,0
BRDA:109,0,1,0
BRDA:109,0,2,0
BRDA:111,1,0,0
BRDA:111,1,1,0
BRDA:111,2,0,0
BRDA:111,2,1,0
BRDA:112,3,0,0
BRDA:112,3,1,0
BRDA:115,4,0,0
BRDA:115,4,1,0
BRDA:117,5,0,0
BRDA:117,5,1,0
BRDA:117,6,0,0
BRDA:117,6,1,0
BRDA:126,7,0,0
BRDA:126,7,1,0
BRDA:126,8,0,0
BRDA:126,8,1,0
BRDA:128,9,0,0
BRDA:128,9,1,0
BRF:21
BRH:0
end_of_record
TN:
SF:/mnt/e/Projetos/learn/udacity/live-codings-react-nanodegree/react-fundamentals/2-iniciando-com-testes-em-react-starter/starter/src/setupTests.js
FNF:0
FNH:0
DA:4,3
LF:1
LH:1
BRF:0
BRH:0
end_of_record
